<?xml version="1.0" encoding="UTF-8"?>
<testsuite xmlns:xsi="http://www.w3.org/2001/XMLSchema-instance" xsi:noNamespaceSchemaLocation="https://maven.apache.org/surefire/maven-surefire-plugin/xsd/surefire-test-report-3.0.xsd" version="3.0" name="io.debezium.connector.jdbc.TableNamingStrategyTest" time="0.134" tests="7" errors="0" skipped="0" failures="0">
  <properties>
[...]
</properties>
  <testcase name="testDefaultTableNamingStrategy" classname="io.debezium.connector.jdbc.TableNamingStrategyTest" time="0.113">
    <system-out><![CDATA[15:56:55,348 |-INFO in ch.qos.logback.classic.LoggerContext[default] - Found resource [logback-test.xml] at [file:/Users/ibnu.muhammad/Documents/github/ibnummuhammad/debezium-connector-jdbc/target/test-classes/logback-test.xml]
15:56:55,348 |-WARN in ch.qos.logback.classic.LoggerContext[default] - Resource [logback-test.xml] occurs multiple times on the classpath.
15:56:55,348 |-WARN in ch.qos.logback.classic.LoggerContext[default] - Resource [logback-test.xml] occurs at [file:/Users/ibnu.muhammad/Documents/github/ibnummuhammad/debezium-connector-jdbc/target/test-classes/logback-test.xml]
15:56:55,348 |-WARN in ch.qos.logback.classic.LoggerContext[default] - Resource [logback-test.xml] occurs at [jar:file:/Users/ibnu.muhammad/.m2/repository/io/debezium/debezium-embedded/2.6.2.Final/debezium-embedded-2.6.2.Final-tests.jar!/logback-test.xml]
15:56:55,348 |-WARN in ch.qos.logback.classic.LoggerContext[default] - Resource [logback-test.xml] occurs at [jar:file:/Users/ibnu.muhammad/.m2/repository/io/debezium/debezium-core/2.6.2.Final/debezium-core-2.6.2.Final-tests.jar!/logback-test.xml]
15:56:55,372 |-INFO in ch.qos.logback.classic.joran.action.ConfigurationAction - debug attribute not set
15:56:55,372 |-INFO in ch.qos.logback.core.joran.action.AppenderAction - About to instantiate appender of type [ch.qos.logback.core.ConsoleAppender]
15:56:55,374 |-INFO in ch.qos.logback.core.joran.action.AppenderAction - Naming appender as [CONSOLE]
15:56:55,376 |-INFO in ch.qos.logback.core.joran.action.NestedComplexPropertyIA - Assuming default type [ch.qos.logback.classic.encoder.PatternLayoutEncoder] for [encoder] property
15:56:55,411 |-INFO in ch.qos.logback.classic.joran.action.RootLoggerAction - Setting level of ROOT logger to WARN
15:56:55,411 |-INFO in ch.qos.logback.core.joran.action.AppenderRefAction - Attaching appender named [CONSOLE] to Logger[ROOT]
15:56:55,411 |-INFO in ch.qos.logback.classic.joran.action.LoggerAction - Setting level of logger [org.reflections.Reflections] to ERROR
15:56:55,411 |-INFO in ch.qos.logback.classic.joran.action.LoggerAction - Setting level of logger [org.testcontainers.shaded.com.github.dockerjava] to WARN
15:56:55,411 |-INFO in ch.qos.logback.classic.joran.action.LoggerAction - Setting level of logger [com.github.dockerjava] to WARN
15:56:55,411 |-INFO in ch.qos.logback.classic.joran.action.LoggerAction - Setting level of logger [io.debezium] to INFO
15:56:55,411 |-INFO in ch.qos.logback.classic.joran.action.LoggerAction - Setting additivity of logger [io.debezium] to false
15:56:55,411 |-INFO in ch.qos.logback.core.joran.action.AppenderRefAction - Attaching appender named [CONSOLE] to Logger[io.debezium]
15:56:55,411 |-INFO in ch.qos.logback.classic.joran.action.LoggerAction - Setting level of logger [io.debezium.connector.jdbc] to TRACE
15:56:55,411 |-INFO in ch.qos.logback.classic.joran.action.LoggerAction - Setting additivity of logger [io.debezium.connector.jdbc] to false
15:56:55,411 |-INFO in ch.qos.logback.core.joran.action.AppenderRefAction - Attaching appender named [CONSOLE] to Logger[io.debezium.connector.jdbc]
15:56:55,411 |-INFO in ch.qos.logback.classic.joran.action.LoggerAction - Setting level of logger [io.debezium.embedded.EmbeddedEngine$EmbeddedConfig] to WARN
15:56:55,411 |-INFO in ch.qos.logback.classic.joran.action.LoggerAction - Setting additivity of logger [io.debezium.embedded.EmbeddedEngine$EmbeddedConfig] to false
15:56:55,411 |-INFO in ch.qos.logback.core.joran.action.AppenderRefAction - Attaching appender named [CONSOLE] to Logger[io.debezium.embedded.EmbeddedEngine$EmbeddedConfig]
15:56:55,411 |-INFO in ch.qos.logback.classic.joran.action.ConfigurationAction - End of configuration.
15:56:55,411 |-INFO in ch.qos.logback.classic.joran.JoranConfigurator@24c1b2d2 - Registering current configuration as safe fallback point

]]></system-out>
  </testcase>
  <testcase name="testTableNamingStrategyWithPrependedSchema" classname="io.debezium.connector.jdbc.TableNamingStrategyTest" time="0.002"/>
  <testcase name="testDefaultTableNamingStrategyWithDebeziumSourceAndTombstone" classname="io.debezium.connector.jdbc.TableNamingStrategyTest" time="0.002">
    <system-out><![CDATA[2024-08-03 15:56:55,437 WARN   ||  Ignore this record because it seems to be a tombstone that doesn't have source field, then cannot resolve table name in topic 'database.schema.table', partition '0', offset '0'   [io.debezium.connector.jdbc.naming.DefaultTableNamingStrategy]
]]></system-out>
  </testcase>
  <testcase name="testDefaultTableNamingStrategyWithDebeziumSource" classname="io.debezium.connector.jdbc.TableNamingStrategyTest" time="0.001"/>
  <testcase name="testDefaultTableNamingStrategyWithInvalidSourceField" classname="io.debezium.connector.jdbc.TableNamingStrategyTest" time="0.004">
    <system-out><![CDATA[2024-08-03 15:56:55,442 ERROR  ||  Failed to resolve table name with format 'source_${source.invalid}', check source field in topic 'database.schema.table'   [io.debezium.connector.jdbc.naming.DefaultTableNamingStrategy]
org.apache.kafka.connect.errors.DataException: invalid is not a valid field name
	at org.apache.kafka.connect.data.Struct.lookupField(Struct.java:254)
	at org.apache.kafka.connect.data.Struct.getCheckType(Struct.java:261)
	at org.apache.kafka.connect.data.Struct.getString(Struct.java:158)
	at io.debezium.connector.jdbc.naming.DefaultTableNamingStrategy.resolveTableNameBySource(DefaultTableNamingStrategy.java:57)
	at io.debezium.connector.jdbc.naming.DefaultTableNamingStrategy.resolveTableName(DefaultTableNamingStrategy.java:38)
	at io.debezium.connector.jdbc.TableNamingStrategyTest.lambda$testDefaultTableNamingStrategyWithInvalidSourceField$0(TableNamingStrategyTest.java:71)
	at org.junit.jupiter.api.AssertThrows.assertThrows(AssertThrows.java:53)
	at org.junit.jupiter.api.AssertThrows.assertThrows(AssertThrows.java:35)
	at org.junit.jupiter.api.Assertions.assertThrows(Assertions.java:3083)
	at io.debezium.connector.jdbc.TableNamingStrategyTest.testDefaultTableNamingStrategyWithInvalidSourceField(TableNamingStrategyTest.java:71)
	at java.base/jdk.internal.reflect.DirectMethodHandleAccessor.invoke(DirectMethodHandleAccessor.java:103)
	at java.base/java.lang.reflect.Method.invoke(Method.java:580)
	at org.junit.platform.commons.util.ReflectionUtils.invokeMethod(ReflectionUtils.java:727)
	at org.junit.jupiter.engine.execution.MethodInvocation.proceed(MethodInvocation.java:60)
	at org.junit.jupiter.engine.execution.InvocationInterceptorChain$ValidatingInvocation.proceed(InvocationInterceptorChain.java:131)
	at org.junit.jupiter.engine.extension.TimeoutExtension.intercept(TimeoutExtension.java:156)
	at org.junit.jupiter.engine.extension.TimeoutExtension.interceptTestableMethod(TimeoutExtension.java:147)
	at org.junit.jupiter.engine.extension.TimeoutExtension.interceptTestMethod(TimeoutExtension.java:86)
	at org.junit.jupiter.engine.execution.InterceptingExecutableInvoker$ReflectiveInterceptorCall.lambda$ofVoidMethod$0(InterceptingExecutableInvoker.java:103)
	at org.junit.jupiter.engine.execution.InterceptingExecutableInvoker.lambda$invoke$0(InterceptingExecutableInvoker.java:93)
	at org.junit.jupiter.engine.execution.InvocationInterceptorChain$InterceptedInvocation.proceed(InvocationInterceptorChain.java:106)
	at org.junit.jupiter.engine.execution.InvocationInterceptorChain.proceed(InvocationInterceptorChain.java:64)
	at org.junit.jupiter.engine.execution.InvocationInterceptorChain.chainAndInvoke(InvocationInterceptorChain.java:45)
	at org.junit.jupiter.engine.execution.InvocationInterceptorChain.invoke(InvocationInterceptorChain.java:37)
	at org.junit.jupiter.engine.execution.InterceptingExecutableInvoker.invoke(InterceptingExecutableInvoker.java:92)
	at org.junit.jupiter.engine.execution.InterceptingExecutableInvoker.invoke(InterceptingExecutableInvoker.java:86)
	at org.junit.jupiter.engine.descriptor.TestMethodTestDescriptor.lambda$invokeTestMethod$7(TestMethodTestDescriptor.java:217)
	at org.junit.platform.engine.support.hierarchical.ThrowableCollector.execute(ThrowableCollector.java:73)
	at org.junit.jupiter.engine.descriptor.TestMethodTestDescriptor.invokeTestMethod(TestMethodTestDescriptor.java:213)
	at org.junit.jupiter.engine.descriptor.TestMethodTestDescriptor.execute(TestMethodTestDescriptor.java:138)
	at org.junit.jupiter.engine.descriptor.TestMethodTestDescriptor.execute(TestMethodTestDescriptor.java:68)
	at org.junit.platform.engine.support.hierarchical.NodeTestTask.lambda$executeRecursively$6(NodeTestTask.java:151)
	at org.junit.platform.engine.support.hierarchical.ThrowableCollector.execute(ThrowableCollector.java:73)
	at org.junit.platform.engine.support.hierarchical.NodeTestTask.lambda$executeRecursively$8(NodeTestTask.java:141)
	at org.junit.platform.engine.support.hierarchical.Node.around(Node.java:137)
	at org.junit.platform.engine.support.hierarchical.NodeTestTask.lambda$executeRecursively$9(NodeTestTask.java:139)
	at org.junit.platform.engine.support.hierarchical.ThrowableCollector.execute(ThrowableCollector.java:73)
	at org.junit.platform.engine.support.hierarchical.NodeTestTask.executeRecursively(NodeTestTask.java:138)
	at org.junit.platform.engine.support.hierarchical.NodeTestTask.execute(NodeTestTask.java:95)
	at java.base/java.util.ArrayList.forEach(ArrayList.java:1596)
	at org.junit.platform.engine.support.hierarchical.SameThreadHierarchicalTestExecutorService.invokeAll(SameThreadHierarchicalTestExecutorService.java:41)
	at org.junit.platform.engine.support.hierarchical.NodeTestTask.lambda$executeRecursively$6(NodeTestTask.java:155)
	at org.junit.platform.engine.support.hierarchical.ThrowableCollector.execute(ThrowableCollector.java:73)
	at org.junit.platform.engine.support.hierarchical.NodeTestTask.lambda$executeRecursively$8(NodeTestTask.java:141)
	at org.junit.platform.engine.support.hierarchical.Node.around(Node.java:137)
	at org.junit.platform.engine.support.hierarchical.NodeTestTask.lambda$executeRecursively$9(NodeTestTask.java:139)
	at org.junit.platform.engine.support.hierarchical.ThrowableCollector.execute(ThrowableCollector.java:73)
	at org.junit.platform.engine.support.hierarchical.NodeTestTask.executeRecursively(NodeTestTask.java:138)
	at org.junit.platform.engine.support.hierarchical.NodeTestTask.execute(NodeTestTask.java:95)
	at java.base/java.util.ArrayList.forEach(ArrayList.java:1596)
	at org.junit.platform.engine.support.hierarchical.SameThreadHierarchicalTestExecutorService.invokeAll(SameThreadHierarchicalTestExecutorService.java:41)
	at org.junit.platform.engine.support.hierarchical.NodeTestTask.lambda$executeRecursively$6(NodeTestTask.java:155)
	at org.junit.platform.engine.support.hierarchical.ThrowableCollector.execute(ThrowableCollector.java:73)
	at org.junit.platform.engine.support.hierarchical.NodeTestTask.lambda$executeRecursively$8(NodeTestTask.java:141)
	at org.junit.platform.engine.support.hierarchical.Node.around(Node.java:137)
	at org.junit.platform.engine.support.hierarchical.NodeTestTask.lambda$executeRecursively$9(NodeTestTask.java:139)
	at org.junit.platform.engine.support.hierarchical.ThrowableCollector.execute(ThrowableCollector.java:73)
	at org.junit.platform.engine.support.hierarchical.NodeTestTask.executeRecursively(NodeTestTask.java:138)
	at org.junit.platform.engine.support.hierarchical.NodeTestTask.execute(NodeTestTask.java:95)
	at org.junit.platform.engine.support.hierarchical.SameThreadHierarchicalTestExecutorService.submit(SameThreadHierarchicalTestExecutorService.java:35)
	at org.junit.platform.engine.support.hierarchical.HierarchicalTestExecutor.execute(HierarchicalTestExecutor.java:57)
	at org.junit.platform.engine.support.hierarchical.HierarchicalTestEngine.execute(HierarchicalTestEngine.java:54)
	at org.junit.platform.launcher.core.EngineExecutionOrchestrator.execute(EngineExecutionOrchestrator.java:147)
	at org.junit.platform.launcher.core.EngineExecutionOrchestrator.execute(EngineExecutionOrchestrator.java:127)
	at org.junit.platform.launcher.core.EngineExecutionOrchestrator.execute(EngineExecutionOrchestrator.java:90)
	at org.junit.platform.launcher.core.EngineExecutionOrchestrator.lambda$execute$0(EngineExecutionOrchestrator.java:55)
	at org.junit.platform.launcher.core.EngineExecutionOrchestrator.withInterceptedStreams(EngineExecutionOrchestrator.java:102)
	at org.junit.platform.launcher.core.EngineExecutionOrchestrator.execute(EngineExecutionOrchestrator.java:54)
	at org.junit.platform.launcher.core.DefaultLauncher.execute(DefaultLauncher.java:114)
	at org.junit.platform.launcher.core.DefaultLauncher.execute(DefaultLauncher.java:86)
	at org.junit.platform.launcher.core.DefaultLauncherSession$DelegatingLauncher.execute(DefaultLauncherSession.java:86)
	at org.apache.maven.surefire.junitplatform.LazyLauncher.execute(LazyLauncher.java:56)
	at org.apache.maven.surefire.junitplatform.JUnitPlatformProvider.execute(JUnitPlatformProvider.java:184)
	at org.apache.maven.surefire.junitplatform.JUnitPlatformProvider.invokeAllTests(JUnitPlatformProvider.java:148)
	at org.apache.maven.surefire.junitplatform.JUnitPlatformProvider.invoke(JUnitPlatformProvider.java:122)
	at org.apache.maven.surefire.booter.ForkedBooter.runSuitesInProcess(ForkedBooter.java:385)
	at org.apache.maven.surefire.booter.ForkedBooter.execute(ForkedBooter.java:162)
	at org.apache.maven.surefire.booter.ForkedBooter.run(ForkedBooter.java:507)
	at org.apache.maven.surefire.booter.ForkedBooter.main(ForkedBooter.java:495)
]]></system-out>
  </testcase>
  <testcase name="testDefaultTableNamingStrategyWithTopicAndTombstone" classname="io.debezium.connector.jdbc.TableNamingStrategyTest" time="0.001"/>
  <testcase name="testTableNamingStrategyWithTableNameFormat" classname="io.debezium.connector.jdbc.TableNamingStrategyTest" time="0.0"/>
</testsuite>