<?xml version="1.0" encoding="UTF-8"?>
<testsuite xmlns:xsi="http://www.w3.org/2001/XMLSchema-instance" xsi:noNamespaceSchemaLocation="https://maven.apache.org/surefire/maven-surefire-plugin/xsd/surefire-test-report-3.0.xsd" version="3.0" name="io.debezium.connector.jdbc.JdbcSinkConnectorConfigTest" time="0.069" tests="9" errors="0" skipped="0" failures="0">
  <properties>
[...]
</properties>
  <testcase name="testNonDefaultPrimaryKeyFieldsProperty" classname="io.debezium.connector.jdbc.JdbcSinkConnectorConfigTest" time="0.005"/>
  <testcase name="testNonDefaultDeleteEnabledPropertyWithPrimaryKeyModeRecordKey" classname="io.debezium.connector.jdbc.JdbcSinkConnectorConfigTest" time="0.001"/>
  <testcase name="testNonDefaultSqlSelverIdentityTableNamesProperty" classname="io.debezium.connector.jdbc.JdbcSinkConnectorConfigTest" time="0.001"/>
  <testcase name="testMissingRequiredConfigurationPropertiesFail" classname="io.debezium.connector.jdbc.JdbcSinkConnectorConfigTest" time="0.003">
    <system-out><![CDATA[2024-08-03 15:56:55,459 ERROR  ||  The 'connection.url' value is invalid: A value is required   [io.debezium.connector.jdbc.JdbcSinkConnectorConfigTest]
2024-08-03 15:56:55,460 ERROR  ||  The 'connection.username' value is invalid: A value is required   [io.debezium.connector.jdbc.JdbcSinkConnectorConfigTest]
2024-08-03 15:56:55,460 ERROR  ||  The 'connection.password' value is invalid: A value is required   [io.debezium.connector.jdbc.JdbcSinkConnectorConfigTest]
]]></system-out>
  </testcase>
  <testcase name="testOverrideHibernateConfigurationProperties" classname="io.debezium.connector.jdbc.JdbcSinkConnectorConfigTest" time="0.055"/>
  <testcase name="testNonDefaultDeleteEnabledPropertyWithPrimaryKeyModeNotRecordKey" classname="io.debezium.connector.jdbc.JdbcSinkConnectorConfigTest" time="0.0">
    <system-out><![CDATA[2024-08-03 15:56:55,516 ERROR  ||  When 'delete.enabled' is set to 'true', the 'primary.key.mode' option must be set to 'record_key'.   [io.debezium.connector.jdbc.JdbcSinkConnectorTask]
]]></system-out>
  </testcase>
  <testcase name="testNonDefaultPrimaryKeyModeProperty" classname="io.debezium.connector.jdbc.JdbcSinkConnectorConfigTest" time="0.001"/>
  <testcase name="testNonDefaultInsertModeProperty" classname="io.debezium.connector.jdbc.JdbcSinkConnectorConfigTest" time="0.001">
    <system-out><![CDATA[2024-08-03 15:56:55,518 ERROR  ||  When using UPSERT, please define 'primary.key.mode' and 'primary.key.fields'.   [io.debezium.connector.jdbc.JdbcSinkConnectorTask]
]]></system-out>
  </testcase>
  <testcase name="testNonDefaultTableNameFormatProperty" classname="io.debezium.connector.jdbc.JdbcSinkConnectorConfigTest" time="0.0"/>
</testsuite>